TN:
SF:server.js
FN:16,(anonymous_0)
FNF:1
FNH:1
FNDA:1,(anonymous_0)
DA:1,2
DA:2,2
DA:3,2
DA:4,2
DA:6,2
DA:7,2
DA:9,2
DA:10,2
DA:11,2
DA:13,2
DA:15,2
DA:16,2
DA:17,2
LF:13
LH:13
BRDA:15,0,0,2
BRDA:15,0,1,2
BRF:2
BRH:2
end_of_record
TN:
SF:config\db.js
FN:3,(anonymous_0)
FNF:1
FNH:1
FNDA:2,(anonymous_0)
DA:1,2
DA:3,2
DA:4,2
DA:5,2
DA:6,2
DA:8,0
DA:9,0
DA:13,2
LF:8
LH:6
BRF:0
BRH:0
end_of_record
TN:
SF:controllers\bookController.js
FN:4,(anonymous_0)
FN:14,(anonymous_1)
FN:25,(anonymous_2)
FN:43,(anonymous_3)
FNF:4
FNH:3
FNDA:2,(anonymous_0)
FNDA:0,(anonymous_1)
FNDA:2,(anonymous_2)
FNDA:2,(anonymous_3)
DA:1,3
DA:4,3
DA:5,2
DA:6,2
DA:7,2
DA:9,0
DA:14,3
DA:15,0
DA:16,0
DA:17,0
DA:18,0
DA:20,0
DA:25,3
DA:26,2
DA:27,2
DA:32,2
DA:33,1
DA:36,1
DA:38,0
DA:43,3
DA:44,2
DA:45,2
DA:46,2
DA:47,1
DA:50,1
DA:52,0
DA:56,3
LF:27
LH:19
BRDA:32,0,0,1
BRDA:32,0,1,1
BRDA:46,1,0,1
BRDA:46,1,1,1
BRF:4
BRH:4
end_of_record
TN:
SF:models\Book.js
FNF:0
FNH:0
DA:1,3
DA:3,3
DA:10,3
LF:3
LH:3
BRF:0
BRH:0
end_of_record
TN:
SF:routes\bookRoutes.js
FNF:0
FNH:0
DA:1,2
DA:2,2
DA:8,2
DA:12,2
DA:16,2
DA:20,2
DA:24,2
DA:26,2
LF:8
LH:8
BRF:0
BRH:0
end_of_record
